<?xml version="1.0" encoding="UTF-8"?>
<!-- Generated by org.testng.reporters.JUnitXMLReporter -->
<testsuite ignored="20" hostname="LAPTOP-86HTKKRD" failures="0" tests="1" name="Default test" time="26.83" errors="0" timestamp="2023-12-13T14:30:25 IST">
  <testcase classname="main.TestProject" name="AddToCartRecommandeditems" time="8.12"/>
  <testcase classname="main.TestProject" name="productscategory" time="0.0">
    <ignored/>
  </testcase> <!-- productscategory -->
  <testcase classname="main.TestProject" name="testcasepage" time="0.0">
    <ignored/>
  </testcase> <!-- testcasepage -->
  <testcase classname="main.TestProject" name="Productpage" time="0.0">
    <ignored/>
  </testcase> <!-- Productpage -->
  <testcase classname="main.TestProject" name="Productquantity" time="0.0">
    <ignored/>
  </testcase> <!-- Productquantity -->
  <testcase classname="main.TestProject" name="placeorder" time="0.0">
    <ignored/>
  </testcase> <!-- placeorder -->
  <testcase classname="main.TestProject" name="RegisterUser" time="0.0">
    <ignored/>
  </testcase> <!-- RegisterUser -->
  <testcase classname="main.TestProject" name="removeProduct" time="0.0">
    <ignored/>
  </testcase> <!-- removeProduct -->
  <testcase classname="main.TestProject" name="Registerwithexistingemail" time="0.0">
    <ignored/>
  </testcase> <!-- Registerwithexistingemail -->
  <testcase classname="main.TestProject" name="subscriptioninhomepage" time="0.0">
    <ignored/>
  </testcase> <!-- subscriptioninhomepage -->
  <testcase classname="main.TestProject" name="invalidcredentials" time="0.0">
    <ignored/>
  </testcase> <!-- invalidcredentials -->
  <testcase classname="main.TestProject" name="loginbeforecheckout" time="0.0">
    <ignored/>
  </testcase> <!-- loginbeforecheckout -->
  <testcase classname="main.TestProject" name="subscriptionincartpage" time="0.0">
    <ignored/>
  </testcase> <!-- subscriptionincartpage -->
  <testcase classname="main.TestProject" name="cartBrandProducts" time="0.0">
    <ignored/>
  </testcase> <!-- cartBrandProducts -->
  <testcase classname="main.TestProject" name="productincart" time="0.0">
    <ignored/>
  </testcase> <!-- productincart -->
  <testcase classname="main.TestProject" name="logout" time="0.0">
    <ignored/>
  </testcase> <!-- logout -->
  <testcase classname="main.TestProject" name="searchProduct" time="0.0">
    <ignored/>
  </testcase> <!-- searchProduct -->
  <testcase classname="main.TestProject" name="Review" time="0.0">
    <ignored/>
  </testcase> <!-- Review -->
  <testcase classname="main.TestProject" name="validcredentials" time="0.0">
    <ignored/>
  </testcase> <!-- validcredentials -->
  <testcase classname="main.TestProject" name="BeforeCheckout" time="0.0">
    <ignored/>
  </testcase> <!-- BeforeCheckout -->
  <testcase classname="main.TestProject" name="contactform" time="0.0">
    <ignored/>
  </testcase> <!-- contactform -->
</testsuite> <!-- Default test -->
