<?xml version="1.0" encoding="UTF-8"?>
<testng-results ignored="20" total="21" passed="1" failed="0" skipped="0">
  <reporter-output>
  </reporter-output>
  <suite started-at="2023-12-13T14:29:58 IST" name="Default suite" finished-at="2023-12-13T14:30:25 IST" duration-ms="26830">
    <groups>
    </groups>
    <test started-at="2023-12-13T14:29:58 IST" name="Default test" finished-at="2023-12-13T14:30:25 IST" duration-ms="26830">
      <class name="main.TestProject">
        <test-method is-config="true" signature="driver()[pri:0, instance:main.TestProject@6f53b8a]" started-at="2023-12-13T14:29:58 IST" name="driver" finished-at="2023-12-13T14:30:16 IST" duration-ms="17760" status="PASS">
          <reporter-output>
          </reporter-output>
        </test-method> <!-- driver -->
        <test-method signature="AddToCartRecommandeditems()[pri:21, instance:main.TestProject@6f53b8a]" started-at="2023-12-13T14:30:16 IST" name="AddToCartRecommandeditems" finished-at="2023-12-13T14:30:24 IST" duration-ms="8120" status="PASS">
          <reporter-output>
          </reporter-output>
        </test-method> <!-- AddToCartRecommandeditems -->
        <test-method is-config="true" signature="tearDown()[pri:0, instance:main.TestProject@6f53b8a]" started-at="2023-12-13T14:30:24 IST" name="tearDown" finished-at="2023-12-13T14:30:25 IST" duration-ms="477" status="PASS">
          <reporter-output>
          </reporter-output>
        </test-method> <!-- tearDown -->
      </class> <!-- main.TestProject -->
    </test> <!-- Default test -->
  </suite> <!-- Default suite -->
</testng-results>
